Copyright 1986-2017 Xilinx, Inc. All Rights Reserved.
------------------------------------------------------------------------------------
| Tool Version : Vivado v.2017.3 (win64) Build 2018833 Wed Oct  4 19:58:22 MDT 2017
| Date         : Wed May  2 15:51:43 2018
| Host         : c19mademore running 64-bit Service Pack 1  (build 7601)
| Command      : report_control_sets -file lab2_control_sets_placed.rpt
| Design       : lab2
| Device       : xc7a200t
------------------------------------------------------------------------------------

Control Set Information

Table of Contents
-----------------
1. Summary
2. Flip-Flop Distribution

1. Summary
----------

+-------------------------------+-------+
|             Status            | Count |
+-------------------------------+-------+
| Number of unique control sets |    44 |
+-------------------------------+-------+


2. Flip-Flop Distribution
-------------------------

+--------------+-----------------------+------------------------+-----------------+--------------+
| Clock Enable | Synchronous Set/Reset | Asynchronous Set/Reset | Total Registers | Total Slices |
+--------------+-----------------------+------------------------+-----------------+--------------+
| No           | No                    | No                     |             197 |           69 |
| No           | No                    | Yes                    |               8 |            3 |
| No           | Yes                   | No                     |              89 |           26 |
| Yes          | No                    | No                     |             257 |           79 |
| Yes          | No                    | Yes                    |             174 |           43 |
| Yes          | Yes                   | No                     |             120 |           30 |
+--------------+-----------------------+------------------------+-----------------+--------------+


