Copyright 1986-2017 Xilinx, Inc. All Rights Reserved.
------------------------------------------------------------------------------------
| Tool Version : Vivado v.2017.3 (win64) Build 2018833 Wed Oct  4 19:58:22 MDT 2017
| Date         : Wed May  2 15:53:51 2018
| Host         : c19mademore running 64-bit Service Pack 1  (build 7601)
| Command      : report_clock_utilization -file lab2_clock_utilization_routed.rpt
| Design       : lab2
| Device       : 7a200t-sbg484
| Speed File   : -1  PRODUCTION 1.19 2017-08-11
------------------------------------------------------------------------------------

Clock Utilization Report

Table of Contents
-----------------
1. Clock Primitive Utilization
2. Global Clock Resources
3. Global Clock Source Details
4. Clock Regions: Key Resource Utilization
5. Clock Regions : Global Clock Summary
6. Device Cell Placement Summary for Global Clock g0
7. Device Cell Placement Summary for Global Clock g1
8. Device Cell Placement Summary for Global Clock g2
9. Device Cell Placement Summary for Global Clock g3
10. Device Cell Placement Summary for Global Clock g4
11. Device Cell Placement Summary for Global Clock g5
12. Device Cell Placement Summary for Global Clock g6
13. Device Cell Placement Summary for Global Clock g7
14. Device Cell Placement Summary for Global Clock g8
15. Device Cell Placement Summary for Global Clock g9
16. Clock Region Cell Placement per Global Clock: Region X1Y0
17. Clock Region Cell Placement per Global Clock: Region X0Y2
18. Clock Region Cell Placement per Global Clock: Region X1Y2

1. Clock Primitive Utilization
------------------------------

+----------+------+-----------+-----+--------------+--------+
| Type     | Used | Available | LOC | Clock Region | Pblock |
+----------+------+-----------+-----+--------------+--------+
| BUFGCTRL |   10 |        32 |   0 |            0 |      0 |
| BUFH     |    0 |       120 |   0 |            0 |      0 |
| BUFIO    |    0 |        40 |   0 |            0 |      0 |
| BUFMR    |    0 |        20 |   0 |            0 |      0 |
| BUFR     |    0 |        40 |   0 |            0 |      0 |
| MMCM     |    2 |        10 |   0 |            0 |      0 |
| PLL      |    0 |        10 |   0 |            0 |      0 |
+----------+------+-----------+-----+--------------+--------+


2. Global Clock Resources
-------------------------

+-----------+-----------+-----------------+------------+---------------+--------------+-------------------+-------------+-----------------+--------------+--------------------+------------------------------------------------------------------------------+---------------------------------------------------------------------------------------+
| Global Id | Source Id | Driver Type/Pin | Constraint | Site          | Clock Region | Load Clock Region | Clock Loads | Non-Clock Loads | Clock Period | Clock              | Driver Pin                                                                   | Net                                                                                   |
+-----------+-----------+-----------------+------------+---------------+--------------+-------------------+-------------+-----------------+--------------+--------------------+------------------------------------------------------------------------------+---------------------------------------------------------------------------------------+
| g0        | src0      | BUFG/O          | None       | BUFGCTRL_X0Y2 | n/a          |                 3 |         507 |               0 |              |                    | clk_IBUF_BUFG_inst/O                                                         | clk_IBUF_BUFG                                                                         |
| g1        | src1      | BUFG/O          | None       | BUFGCTRL_X0Y4 | n/a          |                 1 |         115 |               0 |       20.000 | clk_out2_clk_wiz_1 | datapath/audioWrapper/audiocodec_master_clock/inst/clkout2_buf/O             | datapath/audioWrapper/audiocodec_master_clock/inst/clk_out2                           |
| g2        | src2      | BUFG/O          | None       | BUFGCTRL_X0Y5 | n/a          |                 1 |          58 |               0 |              |                    | pgZFF_X1_quad_reg[45]_i_1/O                                                  | left_filter_lpf500/mul_coefs                                                          |
| g3        | src3      | BUFG/O          | None       | BUFGCTRL_X0Y6 | n/a          |                 1 |          58 |               0 |              |                    | pgZFF_X1_quad_reg[45]_i_1__0/O                                               | right_filter_lpf500/mul_coefs                                                         |
| g4        | src4      | BUFG/O          | None       | BUFGCTRL_X0Y7 | n/a          |                 1 |          55 |               0 |       40.000 | clk_out1_clk_wiz_0 | datapath/firstLab/video_inst/mmcm_adv_inst_display_clocks/inst/clkout1_buf/O | datapath/firstLab/video_inst/mmcm_adv_inst_display_clocks/inst/clk_out1               |
| g5        | src4      | BUFG/O          | None       | BUFGCTRL_X0Y0 | n/a          |                 1 |          44 |               0 |        8.000 | clk_out2_clk_wiz_0 | datapath/firstLab/video_inst/mmcm_adv_inst_display_clocks/inst/clkout2_buf/O | datapath/firstLab/video_inst/mmcm_adv_inst_display_clocks/inst/clk_out2               |
| g6        | src5      | BUFG/O          | None       | BUFGCTRL_X0Y3 | n/a          |                 1 |          17 |             192 |              |                    | sw_BUFG[0]_inst/O                                                            | sw_BUFG[0]                                                                            |
| g7        | src1      | BUFG/O          | None       | BUFGCTRL_X0Y8 | n/a          |                 1 |           1 |               0 |       10.000 | clkfbout_clk_wiz_1 | datapath/audioWrapper/audiocodec_master_clock/inst/clkf_buf/O                | datapath/audioWrapper/audiocodec_master_clock/inst/clkfbout_buf_clk_wiz_1             |
| g8        | src4      | BUFG/O          | None       | BUFGCTRL_X0Y9 | n/a          |                 1 |           1 |               0 |       10.000 | clkfbout_clk_wiz_0 | datapath/firstLab/video_inst/mmcm_adv_inst_display_clocks/inst/clkf_buf/O    | datapath/firstLab/video_inst/mmcm_adv_inst_display_clocks/inst/clkfbout_buf_clk_wiz_0 |
| g9        | src1      | BUFG/O          | None       | BUFGCTRL_X0Y1 | n/a          |                 1 |           0 |               1 |       81.375 | clk_out1_clk_wiz_1 | datapath/audioWrapper/audiocodec_master_clock/inst/clkout1_buf/O             | datapath/audioWrapper/audiocodec_master_clock/inst/clk_out1                           |
+-----------+-----------+-----------------+------------+---------------+--------------+-------------------+-------------+-----------------+--------------+--------------------+------------------------------------------------------------------------------+---------------------------------------------------------------------------------------+
* Clock Loads column represents the clock pin loads (pin count)
** Non-Clock Loads column represents the non-clock pin loads (pin count)


3. Global Clock Source Details
------------------------------

+-----------+-----------+---------------------+------------+-----------------+--------------+-------------+-----------------+---------------------+--------------------+---------------------------------------------------------------------------------------+-----------------------------------------------------------------------------------+
| Source Id | Global Id | Driver Type/Pin     | Constraint | Site            | Clock Region | Clock Loads | Non-Clock Loads | Source Clock Period | Source Clock       | Driver Pin                                                                            | Net                                                                               |
+-----------+-----------+---------------------+------------+-----------------+--------------+-------------+-----------------+---------------------+--------------------+---------------------------------------------------------------------------------------+-----------------------------------------------------------------------------------+
| src0      | g0        | IBUF/O              | IOB_X1Y124 | IOB_X1Y124      | X1Y2         |           1 |               0 |                     |                    | clk_IBUF_inst/O                                                                       | clk_IBUF                                                                          |
| src1      | g9        | MMCME2_ADV/CLKOUT0  | None       | MMCME2_ADV_X0Y2 | X0Y2         |           1 |               0 |              81.375 | clk_out1_clk_wiz_1 | datapath/audioWrapper/audiocodec_master_clock/inst/mmcm_adv_inst/CLKOUT0              | datapath/audioWrapper/audiocodec_master_clock/inst/clk_out1_clk_wiz_1             |
| src1      | g1        | MMCME2_ADV/CLKOUT1  | None       | MMCME2_ADV_X0Y2 | X0Y2         |           1 |               0 |              20.000 | clk_out2_clk_wiz_1 | datapath/audioWrapper/audiocodec_master_clock/inst/mmcm_adv_inst/CLKOUT1              | datapath/audioWrapper/audiocodec_master_clock/inst/clk_out2_clk_wiz_1             |
| src1      | g7        | MMCME2_ADV/CLKFBOUT | None       | MMCME2_ADV_X0Y2 | X0Y2         |           1 |               0 |              10.000 | clkfbout_clk_wiz_1 | datapath/audioWrapper/audiocodec_master_clock/inst/mmcm_adv_inst/CLKFBOUT             | datapath/audioWrapper/audiocodec_master_clock/inst/clkfbout_clk_wiz_1             |
| src2      | g2        | LUT4/O              | None       | SLICE_X84Y144   | X1Y2         |           1 |               0 |                     |                    | datapath/left_filter_lpf500/pgZFF_X1_quad_reg[45]_i_2/O                               | datapath/left_filter_lpf500/pgZFF_X0_reg[15]_0                                    |
| src3      | g3        | LUT4/O              | None       | SLICE_X84Y144   | X1Y2         |           1 |               0 |                     |                    | datapath/right_filter_lpf500/pgZFF_X1_quad_reg[45]_i_2__0/O                           | datapath/right_filter_lpf500/pgZFF_X0_reg[15]_0                                   |
| src4      | g4        | MMCME2_ADV/CLKOUT0  | None       | MMCME2_ADV_X1Y0 | X1Y0         |           1 |               0 |              40.000 | clk_out1_clk_wiz_0 | datapath/firstLab/video_inst/mmcm_adv_inst_display_clocks/inst/mmcm_adv_inst/CLKOUT0  | datapath/firstLab/video_inst/mmcm_adv_inst_display_clocks/inst/clk_out1_clk_wiz_0 |
| src4      | g5        | MMCME2_ADV/CLKOUT1  | None       | MMCME2_ADV_X1Y0 | X1Y0         |           1 |               0 |               8.000 | clk_out2_clk_wiz_0 | datapath/firstLab/video_inst/mmcm_adv_inst_display_clocks/inst/mmcm_adv_inst/CLKOUT1  | datapath/firstLab/video_inst/mmcm_adv_inst_display_clocks/inst/clk_out2_clk_wiz_0 |
| src4      | g8        | MMCME2_ADV/CLKFBOUT | None       | MMCME2_ADV_X1Y0 | X1Y0         |           1 |               0 |              10.000 | clkfbout_clk_wiz_0 | datapath/firstLab/video_inst/mmcm_adv_inst_display_clocks/inst/mmcm_adv_inst/CLKFBOUT | datapath/firstLab/video_inst/mmcm_adv_inst_display_clocks/inst/clkfbout_clk_wiz_0 |
| src5      | g6        | FDRE/Q              | None       | SLICE_X148Y112  | X1Y2         |           1 |               4 |                     |                    | datapath/audioWrapper/ready_sig_reg/Q                                                 | datapath/audioWrapper/ready_sig_reg_0                                             |
+-----------+-----------+---------------------+------------+-----------------+--------------+-------------+-----------------+---------------------+--------------------+---------------------------------------------------------------------------------------+-----------------------------------------------------------------------------------+
* Clock Loads column represents the clock pin loads (pin count)
** Non-Clock Loads column represents the non-clock pin loads (pin count)


4. Clock Regions: Key Resource Utilization
------------------------------------------

+-------------------+--------------+--------------+--------------+--------------+--------------+--------------+--------------+--------------+--------------+--------------+--------------+--------------+--------------+--------------+--------------+
|                   | Global Clock |     BUFRs    |    BUFMRs    |    BUFIOs    |     MMCM     |      PLL     |      GT      |      PCI     |    ILOGIC    |    OLOGIC    |      FF      |     LUTM     |    RAMB18    |    RAMB36    |    DSP48E2   |
+-------------------+------+-------+------+-------+------+-------+------+-------+------+-------+------+-------+------+-------+------+-------+------+-------+------+-------+------+-------+------+-------+------+-------+------+-------+------+-------+
| Clock Region Name | Used | Avail | Used | Avail | Used | Avail | Used | Avail | Used | Avail | Used | Avail | Used | Avail | Used | Avail | Used | Avail | Used | Avail | Used | Avail | Used | Avail | Used | Avail | Used | Avail | Used | Avail |
+-------------------+------+-------+------+-------+------+-------+------+-------+------+-------+------+-------+------+-------+------+-------+------+-------+------+-------+------+-------+------+-------+------+-------+------+-------+------+-------+
| X0Y0              |    0 |    12 |    0 |     4 |    0 |     2 |    0 |     4 |    0 |     1 |    0 |     1 |    0 |     4 |    0 |     0 |    0 |    50 |    0 |    50 |    0 |  2700 |    0 |   800 |    0 |    60 |    0 |    30 |    0 |    60 |
| X1Y0              |    2 |    12 |    0 |     4 |    0 |     2 |    0 |     4 |    1 |     1 |    0 |     1 |    0 |     4 |    0 |     0 |    0 |    50 |    0 |    50 |    0 |  2500 |    0 |   800 |    0 |    40 |    0 |    20 |    0 |    40 |
| X0Y1              |    0 |    12 |    0 |     4 |    0 |     2 |    0 |     4 |    0 |     1 |    0 |     1 |    0 |     0 |    0 |     0 |    0 |    50 |    0 |    50 |    0 |  4200 |    0 |  1400 |    0 |   100 |    0 |    50 |    0 |   100 |
| X1Y1              |    0 |    12 |    0 |     4 |    0 |     2 |    0 |     4 |    0 |     1 |    0 |     1 |    0 |     0 |    0 |     0 |    0 |    50 |    0 |    50 |    0 |  4000 |    0 |  1400 |    0 |    80 |    0 |    40 |    0 |    80 |
| X0Y2              |    2 |    12 |    0 |     4 |    0 |     2 |    0 |     4 |    1 |     1 |    0 |     1 |    0 |     0 |    0 |     0 |    0 |    50 |    0 |    50 |    0 |  3600 |    0 |  1400 |    0 |   100 |    0 |    50 |    0 |   100 |
| X1Y2              |    8 |    12 |    0 |     4 |    0 |     2 |    0 |     4 |    0 |     1 |    0 |     1 |    0 |     0 |    0 |     0 |    0 |    50 |    4 |    50 |  712 |  4000 |  380 |  1400 |    0 |    80 |    0 |    40 |    0 |    80 |
| X0Y3              |    0 |    12 |    0 |     4 |    0 |     2 |    0 |     4 |    0 |     1 |    0 |     1 |    0 |     0 |    0 |     0 |    0 |    50 |    0 |    50 |    0 |  3600 |    0 |  1400 |    0 |   100 |    0 |    50 |    0 |   100 |
| X1Y3              |    0 |    12 |    0 |     4 |    0 |     2 |    0 |     4 |    0 |     1 |    0 |     1 |    0 |     0 |    0 |     0 |    0 |    50 |    0 |    50 |    0 |  4000 |    0 |  1400 |    0 |    80 |    0 |    40 |    0 |    80 |
| X0Y4              |    0 |    12 |    0 |     4 |    0 |     2 |    0 |     4 |    0 |     1 |    0 |     1 |    0 |     4 |    0 |     1 |    0 |    50 |    0 |    50 |    0 |  2550 |    0 |   750 |    0 |    50 |    0 |    25 |    0 |    60 |
| X1Y4              |    0 |    12 |    0 |     4 |    0 |     2 |    0 |     4 |    0 |     1 |    0 |     1 |    0 |     4 |    0 |     0 |    0 |    50 |    0 |    50 |    0 |  2500 |    0 |   800 |    0 |    40 |    0 |    20 |    0 |    40 |
+-------------------+------+-------+------+-------+------+-------+------+-------+------+-------+------+-------+------+-------+------+-------+------+-------+------+-------+------+-------+------+-------+------+-------+------+-------+------+-------+
* Global Clock column represents track count; while other columns represents cell counts


5. Clock Regions : Global Clock Summary
---------------------------------------

All Modules
+----+----+----+
|    | X0 | X1 |
+----+----+----+
| Y4 |  0 |  0 |
| Y3 |  0 |  0 |
| Y2 |  2 |  8 |
| Y1 |  0 |  0 |
| Y0 |  0 |  2 |
+----+----+----+


6. Device Cell Placement Summary for Global Clock g0
----------------------------------------------------

+-----------+-----------------+-------------------+-------+-------------+---------------+-------------+----------+----------------+----------+---------------+
| Global Id | Driver Type/Pin | Driver Region (D) | Clock | Period (ns) | Waveform (ns) | Slice Loads | IO Loads | Clocking Loads | GT Loads | Net           |
+-----------+-----------------+-------------------+-------+-------------+---------------+-------------+----------+----------------+----------+---------------+
| g0        | BUFG/O          | n/a               |       |             |               |         504 |        0 |              2 |        0 | clk_IBUF_BUFG |
+-----------+-----------------+-------------------+-------+-------------+---------------+-------------+----------+----------------+----------+---------------+
* Logic Loads column represents load cell count of all cell types other than IO, GT and clock resources
** IO Loads column represents load cell count of IO types
*** Clocking Loads column represents load cell count that are clock resources (global clock buffer, MMCM, PLL, etc)
**** GT Loads column represents load cell count of GT types


+----+----+------+
|    | X0 | X1   |
+----+----+------+
| Y4 |  0 |    0 |
| Y3 |  0 |    0 |
| Y2 |  1 |  504 |
| Y1 |  0 |    0 |
| Y0 |  0 |    1 |
+----+----+------+


7. Device Cell Placement Summary for Global Clock g1
----------------------------------------------------

+-----------+-----------------+-------------------+--------------------+-------------+----------------+-------------+----------+----------------+----------+-------------------------------------------------------------+
| Global Id | Driver Type/Pin | Driver Region (D) | Clock              | Period (ns) | Waveform (ns)  | Slice Loads | IO Loads | Clocking Loads | GT Loads | Net                                                         |
+-----------+-----------------+-------------------+--------------------+-------------+----------------+-------------+----------+----------------+----------+-------------------------------------------------------------+
| g1        | BUFG/O          | n/a               | clk_out2_clk_wiz_1 |      20.000 | {0.000 10.000} |         115 |        0 |              0 |        0 | datapath/audioWrapper/audiocodec_master_clock/inst/clk_out2 |
+-----------+-----------------+-------------------+--------------------+-------------+----------------+-------------+----------+----------------+----------+-------------------------------------------------------------+
* Logic Loads column represents load cell count of all cell types other than IO, GT and clock resources
** IO Loads column represents load cell count of IO types
*** Clocking Loads column represents load cell count that are clock resources (global clock buffer, MMCM, PLL, etc)
**** GT Loads column represents load cell count of GT types


+----+----+------+
|    | X0 | X1   |
+----+----+------+
| Y4 |  0 |    0 |
| Y3 |  0 |    0 |
| Y2 |  0 |  115 |
| Y1 |  0 |    0 |
| Y0 |  0 |    0 |
+----+----+------+


8. Device Cell Placement Summary for Global Clock g2
----------------------------------------------------

+-----------+-----------------+-------------------+-------+-------------+---------------+-------------+----------+----------------+----------+------------------------------+
| Global Id | Driver Type/Pin | Driver Region (D) | Clock | Period (ns) | Waveform (ns) | Slice Loads | IO Loads | Clocking Loads | GT Loads | Net                          |
+-----------+-----------------+-------------------+-------+-------------+---------------+-------------+----------+----------------+----------+------------------------------+
| g2        | BUFG/O          | n/a               |       |             |               |          58 |        0 |              0 |        0 | left_filter_lpf500/mul_coefs |
+-----------+-----------------+-------------------+-------+-------------+---------------+-------------+----------+----------------+----------+------------------------------+
* Logic Loads column represents load cell count of all cell types other than IO, GT and clock resources
** IO Loads column represents load cell count of IO types
*** Clocking Loads column represents load cell count that are clock resources (global clock buffer, MMCM, PLL, etc)
**** GT Loads column represents load cell count of GT types


+----+----+-----+
|    | X0 | X1  |
+----+----+-----+
| Y4 |  0 |   0 |
| Y3 |  0 |   0 |
| Y2 |  0 |  58 |
| Y1 |  0 |   0 |
| Y0 |  0 |   0 |
+----+----+-----+


9. Device Cell Placement Summary for Global Clock g3
----------------------------------------------------

+-----------+-----------------+-------------------+-------+-------------+---------------+-------------+----------+----------------+----------+-------------------------------+
| Global Id | Driver Type/Pin | Driver Region (D) | Clock | Period (ns) | Waveform (ns) | Slice Loads | IO Loads | Clocking Loads | GT Loads | Net                           |
+-----------+-----------------+-------------------+-------+-------------+---------------+-------------+----------+----------------+----------+-------------------------------+
| g3        | BUFG/O          | n/a               |       |             |               |          58 |        0 |              0 |        0 | right_filter_lpf500/mul_coefs |
+-----------+-----------------+-------------------+-------+-------------+---------------+-------------+----------+----------------+----------+-------------------------------+
* Logic Loads column represents load cell count of all cell types other than IO, GT and clock resources
** IO Loads column represents load cell count of IO types
*** Clocking Loads column represents load cell count that are clock resources (global clock buffer, MMCM, PLL, etc)
**** GT Loads column represents load cell count of GT types


+----+----+-----+
|    | X0 | X1  |
+----+----+-----+
| Y4 |  0 |   0 |
| Y3 |  0 |   0 |
| Y2 |  0 |  58 |
| Y1 |  0 |   0 |
| Y0 |  0 |   0 |
+----+----+-----+


10. Device Cell Placement Summary for Global Clock g4
-----------------------------------------------------

+-----------+-----------------+-------------------+--------------------+-------------+----------------+-------------+----------+----------------+----------+-------------------------------------------------------------------------+
| Global Id | Driver Type/Pin | Driver Region (D) | Clock              | Period (ns) | Waveform (ns)  | Slice Loads | IO Loads | Clocking Loads | GT Loads | Net                                                                     |
+-----------+-----------------+-------------------+--------------------+-------------+----------------+-------------+----------+----------------+----------+-------------------------------------------------------------------------+
| g4        | BUFG/O          | n/a               | clk_out1_clk_wiz_0 |      40.000 | {0.000 20.000} |          55 |        0 |              0 |        0 | datapath/firstLab/video_inst/mmcm_adv_inst_display_clocks/inst/clk_out1 |
+-----------+-----------------+-------------------+--------------------+-------------+----------------+-------------+----------+----------------+----------+-------------------------------------------------------------------------+
* Logic Loads column represents load cell count of all cell types other than IO, GT and clock resources
** IO Loads column represents load cell count of IO types
*** Clocking Loads column represents load cell count that are clock resources (global clock buffer, MMCM, PLL, etc)
**** GT Loads column represents load cell count of GT types


+----+----+-----+
|    | X0 | X1  |
+----+----+-----+
| Y4 |  0 |   0 |
| Y3 |  0 |   0 |
| Y2 |  0 |  55 |
| Y1 |  0 |   0 |
| Y0 |  0 |   0 |
+----+----+-----+


11. Device Cell Placement Summary for Global Clock g5
-----------------------------------------------------

+-----------+-----------------+-------------------+--------------------+-------------+---------------+-------------+----------+----------------+----------+-------------------------------------------------------------------------+
| Global Id | Driver Type/Pin | Driver Region (D) | Clock              | Period (ns) | Waveform (ns) | Slice Loads | IO Loads | Clocking Loads | GT Loads | Net                                                                     |
+-----------+-----------------+-------------------+--------------------+-------------+---------------+-------------+----------+----------------+----------+-------------------------------------------------------------------------+
| g5        | BUFG/O          | n/a               | clk_out2_clk_wiz_0 |       8.000 | {0.000 4.000} |          44 |        0 |              0 |        0 | datapath/firstLab/video_inst/mmcm_adv_inst_display_clocks/inst/clk_out2 |
+-----------+-----------------+-------------------+--------------------+-------------+---------------+-------------+----------+----------------+----------+-------------------------------------------------------------------------+
* Logic Loads column represents load cell count of all cell types other than IO, GT and clock resources
** IO Loads column represents load cell count of IO types
*** Clocking Loads column represents load cell count that are clock resources (global clock buffer, MMCM, PLL, etc)
**** GT Loads column represents load cell count of GT types


+----+----+-----+
|    | X0 | X1  |
+----+----+-----+
| Y4 |  0 |   0 |
| Y3 |  0 |   0 |
| Y2 |  0 |  44 |
| Y1 |  0 |   0 |
| Y0 |  0 |   0 |
+----+----+-----+


12. Device Cell Placement Summary for Global Clock g6
-----------------------------------------------------

+-----------+-----------------+-------------------+-------+-------------+---------------+-------------+----------+----------------+----------+------------+
| Global Id | Driver Type/Pin | Driver Region (D) | Clock | Period (ns) | Waveform (ns) | Slice Loads | IO Loads | Clocking Loads | GT Loads | Net        |
+-----------+-----------------+-------------------+-------+-------------+---------------+-------------+----------+----------------+----------+------------+
| g6        | BUFG/O          | n/a               |       |             |               |         209 |        0 |              0 |        0 | sw_BUFG[0] |
+-----------+-----------------+-------------------+-------+-------------+---------------+-------------+----------+----------------+----------+------------+
* Logic Loads column represents load cell count of all cell types other than IO, GT and clock resources
** IO Loads column represents load cell count of IO types
*** Clocking Loads column represents load cell count that are clock resources (global clock buffer, MMCM, PLL, etc)
**** GT Loads column represents load cell count of GT types


+----+----+------+
|    | X0 | X1   |
+----+----+------+
| Y4 |  0 |    0 |
| Y3 |  0 |    0 |
| Y2 |  0 |  209 |
| Y1 |  0 |    0 |
| Y0 |  0 |    0 |
+----+----+------+


13. Device Cell Placement Summary for Global Clock g7
-----------------------------------------------------

+-----------+-----------------+-------------------+--------------------+-------------+---------------+-------------+----------+----------------+----------+---------------------------------------------------------------------------+
| Global Id | Driver Type/Pin | Driver Region (D) | Clock              | Period (ns) | Waveform (ns) | Slice Loads | IO Loads | Clocking Loads | GT Loads | Net                                                                       |
+-----------+-----------------+-------------------+--------------------+-------------+---------------+-------------+----------+----------------+----------+---------------------------------------------------------------------------+
| g7        | BUFG/O          | n/a               | clkfbout_clk_wiz_1 |      10.000 | {0.000 5.000} |           0 |        0 |              1 |        0 | datapath/audioWrapper/audiocodec_master_clock/inst/clkfbout_buf_clk_wiz_1 |
+-----------+-----------------+-------------------+--------------------+-------------+---------------+-------------+----------+----------------+----------+---------------------------------------------------------------------------+
* Logic Loads column represents load cell count of all cell types other than IO, GT and clock resources
** IO Loads column represents load cell count of IO types
*** Clocking Loads column represents load cell count that are clock resources (global clock buffer, MMCM, PLL, etc)
**** GT Loads column represents load cell count of GT types


+----+----+----+
|    | X0 | X1 |
+----+----+----+
| Y4 |  0 |  0 |
| Y3 |  0 |  0 |
| Y2 |  1 |  0 |
| Y1 |  0 |  0 |
| Y0 |  0 |  0 |
+----+----+----+


14. Device Cell Placement Summary for Global Clock g8
-----------------------------------------------------

+-----------+-----------------+-------------------+--------------------+-------------+---------------+-------------+----------+----------------+----------+---------------------------------------------------------------------------------------+
| Global Id | Driver Type/Pin | Driver Region (D) | Clock              | Period (ns) | Waveform (ns) | Slice Loads | IO Loads | Clocking Loads | GT Loads | Net                                                                                   |
+-----------+-----------------+-------------------+--------------------+-------------+---------------+-------------+----------+----------------+----------+---------------------------------------------------------------------------------------+
| g8        | BUFG/O          | n/a               | clkfbout_clk_wiz_0 |      10.000 | {0.000 5.000} |           0 |        0 |              1 |        0 | datapath/firstLab/video_inst/mmcm_adv_inst_display_clocks/inst/clkfbout_buf_clk_wiz_0 |
+-----------+-----------------+-------------------+--------------------+-------------+---------------+-------------+----------+----------------+----------+---------------------------------------------------------------------------------------+
* Logic Loads column represents load cell count of all cell types other than IO, GT and clock resources
** IO Loads column represents load cell count of IO types
*** Clocking Loads column represents load cell count that are clock resources (global clock buffer, MMCM, PLL, etc)
**** GT Loads column represents load cell count of GT types


+----+----+----+
|    | X0 | X1 |
+----+----+----+
| Y4 |  0 |  0 |
| Y3 |  0 |  0 |
| Y2 |  0 |  0 |
| Y1 |  0 |  0 |
| Y0 |  0 |  1 |
+----+----+----+


15. Device Cell Placement Summary for Global Clock g9
-----------------------------------------------------

+-----------+-----------------+-------------------+--------------------+-------------+----------------+-------------+----------+----------------+----------+-------------------------------------------------------------+
| Global Id | Driver Type/Pin | Driver Region (D) | Clock              | Period (ns) | Waveform (ns)  | Slice Loads | IO Loads | Clocking Loads | GT Loads | Net                                                         |
+-----------+-----------------+-------------------+--------------------+-------------+----------------+-------------+----------+----------------+----------+-------------------------------------------------------------+
| g9        | BUFG/O          | n/a               | clk_out1_clk_wiz_1 |      81.375 | {0.000 40.688} |           0 |        1 |              0 |        0 | datapath/audioWrapper/audiocodec_master_clock/inst/clk_out1 |
+-----------+-----------------+-------------------+--------------------+-------------+----------------+-------------+----------+----------------+----------+-------------------------------------------------------------+
* Logic Loads column represents load cell count of all cell types other than IO, GT and clock resources
** IO Loads column represents load cell count of IO types
*** Clocking Loads column represents load cell count that are clock resources (global clock buffer, MMCM, PLL, etc)
**** GT Loads column represents load cell count of GT types


+----+----+----+
|    | X0 | X1 |
+----+----+----+
| Y4 |  0 |  0 |
| Y3 |  0 |  0 |
| Y2 |  0 |  1 |
| Y1 |  0 |  0 |
| Y0 |  0 |  0 |
+----+----+----+


16. Clock Region Cell Placement per Global Clock: Region X1Y0
-------------------------------------------------------------

+-----------+-------+-----------------+------------+-------------+-----------------+----+--------+------+-----+----+------+-----+---------+---------------------------------------------------------------------------------------+
| Global Id | Track | Driver Type/Pin | Constraint | Clock Loads | Non-Clock Loads | FF | LUTRAM | RAMB | DSP | GT | MMCM | PLL | Hard IP | Net                                                                                   |
+-----------+-------+-----------------+------------+-------------+-----------------+----+--------+------+-----+----+------+-----+---------+---------------------------------------------------------------------------------------+
| g0        | n/a   | BUFG/O          | None       |           1 |               0 |  0 |      0 |    0 |   0 |  0 |    1 |   0 |       0 | clk_IBUF_BUFG                                                                         |
| g8        | n/a   | BUFG/O          | None       |           1 |               0 |  0 |      0 |    0 |   0 |  0 |    1 |   0 |       0 | datapath/firstLab/video_inst/mmcm_adv_inst_display_clocks/inst/clkfbout_buf_clk_wiz_0 |
+-----------+-------+-----------------+------------+-------------+-----------------+----+--------+------+-----+----+------+-----+---------+---------------------------------------------------------------------------------------+
* Clock Loads column represents the clock pin loads (pin count)
** Non-Clock Loads column represents the non-clock pin loads (pin count)
*** Columns FF, LUTRAM, RAMB through 'Hard IP' represents load cell counts


17. Clock Region Cell Placement per Global Clock: Region X0Y2
-------------------------------------------------------------

+-----------+-------+-----------------+------------+-------------+-----------------+----+--------+------+-----+----+------+-----+---------+---------------------------------------------------------------------------+
| Global Id | Track | Driver Type/Pin | Constraint | Clock Loads | Non-Clock Loads | FF | LUTRAM | RAMB | DSP | GT | MMCM | PLL | Hard IP | Net                                                                       |
+-----------+-------+-----------------+------------+-------------+-----------------+----+--------+------+-----+----+------+-----+---------+---------------------------------------------------------------------------+
| g0        | n/a   | BUFG/O          | None       |           1 |               0 |  0 |      0 |    0 |   0 |  0 |    1 |   0 |       0 | clk_IBUF_BUFG                                                             |
| g7        | n/a   | BUFG/O          | None       |           1 |               0 |  0 |      0 |    0 |   0 |  0 |    1 |   0 |       0 | datapath/audioWrapper/audiocodec_master_clock/inst/clkfbout_buf_clk_wiz_1 |
+-----------+-------+-----------------+------------+-------------+-----------------+----+--------+------+-----+----+------+-----+---------+---------------------------------------------------------------------------+
* Clock Loads column represents the clock pin loads (pin count)
** Non-Clock Loads column represents the non-clock pin loads (pin count)
*** Columns FF, LUTRAM, RAMB through 'Hard IP' represents load cell counts


18. Clock Region Cell Placement per Global Clock: Region X1Y2
-------------------------------------------------------------

+-----------+-------+-----------------+------------+-------------+-----------------+-----+--------+------+-----+----+------+-----+---------+-------------------------------------------------------------------------+
| Global Id | Track | Driver Type/Pin | Constraint | Clock Loads | Non-Clock Loads | FF  | LUTRAM | RAMB | DSP | GT | MMCM | PLL | Hard IP | Net                                                                     |
+-----------+-------+-----------------+------------+-------------+-----------------+-----+--------+------+-----+----+------+-----+---------+-------------------------------------------------------------------------+
| g0        | n/a   | BUFG/O          | None       |         504 |               0 | 502 |      1 |    0 |   0 |  0 |    0 |   0 |       0 | clk_IBUF_BUFG                                                           |
| g1        | n/a   | BUFG/O          | None       |         115 |               0 | 115 |      0 |    0 |   0 |  0 |    0 |   0 |       0 | datapath/audioWrapper/audiocodec_master_clock/inst/clk_out2             |
| g2        | n/a   | BUFG/O          | None       |          58 |               0 |   0 |      0 |    0 |   0 |  0 |    0 |   0 |       0 | left_filter_lpf500/mul_coefs                                            |
| g3        | n/a   | BUFG/O          | None       |          58 |               0 |   0 |      0 |    0 |   0 |  0 |    0 |   0 |       0 | right_filter_lpf500/mul_coefs                                           |
| g4        | n/a   | BUFG/O          | None       |          55 |               0 |  55 |      0 |    0 |   0 |  0 |    0 |   0 |       0 | datapath/firstLab/video_inst/mmcm_adv_inst_display_clocks/inst/clk_out1 |
| g5        | n/a   | BUFG/O          | None       |          44 |               0 |  40 |      0 |    0 |   0 |  0 |    0 |   0 |       0 | datapath/firstLab/video_inst/mmcm_adv_inst_display_clocks/inst/clk_out2 |
| g6        | n/a   | BUFG/O          | None       |          17 |             192 | 192 |      0 |    0 |   0 |  0 |    0 |   0 |       0 | sw_BUFG[0]                                                              |
| g9        | n/a   | BUFG/O          | None       |           0 |               1 |   0 |      0 |    0 |   0 |  0 |    0 |   0 |       0 | datapath/audioWrapper/audiocodec_master_clock/inst/clk_out1             |
+-----------+-------+-----------------+------------+-------------+-----------------+-----+--------+------+-----+----+------+-----+---------+-------------------------------------------------------------------------+
* Clock Loads column represents the clock pin loads (pin count)
** Non-Clock Loads column represents the non-clock pin loads (pin count)
*** Columns FF, LUTRAM, RAMB through 'Hard IP' represents load cell counts



# Location of BUFG Primitives 
set_property LOC BUFGCTRL_X0Y3 [get_cells sw_BUFG[0]_inst]
set_property LOC BUFGCTRL_X0Y6 [get_cells pgZFF_X1_quad_reg[45]_i_1__0]
set_property LOC BUFGCTRL_X0Y5 [get_cells pgZFF_X1_quad_reg[45]_i_1]
set_property LOC BUFGCTRL_X0Y9 [get_cells datapath/firstLab/video_inst/mmcm_adv_inst_display_clocks/inst/clkf_buf]
set_property LOC BUFGCTRL_X0Y0 [get_cells datapath/firstLab/video_inst/mmcm_adv_inst_display_clocks/inst/clkout2_buf]
set_property LOC BUFGCTRL_X0Y7 [get_cells datapath/firstLab/video_inst/mmcm_adv_inst_display_clocks/inst/clkout1_buf]
set_property LOC BUFGCTRL_X0Y8 [get_cells datapath/audioWrapper/audiocodec_master_clock/inst/clkf_buf]
set_property LOC BUFGCTRL_X0Y4 [get_cells datapath/audioWrapper/audiocodec_master_clock/inst/clkout2_buf]
set_property LOC BUFGCTRL_X0Y1 [get_cells datapath/audioWrapper/audiocodec_master_clock/inst/clkout1_buf]
set_property LOC BUFGCTRL_X0Y2 [get_cells clk_IBUF_BUFG_inst]

# Location of IO Primitives which is load of clock spine
set_property LOC IOB_X1Y118 [get_cells ac_mclk_OBUF_inst]

# Location of clock ports
set_property LOC IOB_X1Y124 [get_ports clk]

# Clock net "sw_BUFG[0]" driven by instance "sw_BUFG[0]_inst" located at site "BUFGCTRL_X0Y3"
#startgroup
create_pblock {CLKAG_sw_BUFG[0]}
add_cells_to_pblock [get_pblocks  {CLKAG_sw_BUFG[0]}] [get_cells -filter { PRIMITIVE_GROUP != I/O && IS_PRIMITIVE==1 && PRIMITIVE_LEVEL !=INTERNAL } -of_object [get_pins -filter {DIRECTION==IN} -of_objects [get_nets -hierarchical -filter {PARENT=="sw_BUFG[0]"}]]]
resize_pblock [get_pblocks {CLKAG_sw_BUFG[0]}] -add {CLOCKREGION_X1Y2:CLOCKREGION_X1Y2}
#endgroup

# Clock net "right_filter_lpf500/mul_coefs" driven by instance "pgZFF_X1_quad_reg[45]_i_1__0" located at site "BUFGCTRL_X0Y6"
#startgroup
create_pblock {CLKAG_right_filter_lpf500/mul_coefs}
add_cells_to_pblock [get_pblocks  {CLKAG_right_filter_lpf500/mul_coefs}] [get_cells -filter { PRIMITIVE_GROUP != I/O && IS_PRIMITIVE==1 && PRIMITIVE_LEVEL !=INTERNAL } -of_object [get_pins -filter {DIRECTION==IN} -of_objects [get_nets -hierarchical -filter {PARENT=="right_filter_lpf500/mul_coefs"}]]]
resize_pblock [get_pblocks {CLKAG_right_filter_lpf500/mul_coefs}] -add {CLOCKREGION_X1Y2:CLOCKREGION_X1Y2}
#endgroup

# Clock net "left_filter_lpf500/mul_coefs" driven by instance "pgZFF_X1_quad_reg[45]_i_1" located at site "BUFGCTRL_X0Y5"
#startgroup
create_pblock {CLKAG_left_filter_lpf500/mul_coefs}
add_cells_to_pblock [get_pblocks  {CLKAG_left_filter_lpf500/mul_coefs}] [get_cells -filter { PRIMITIVE_GROUP != I/O && IS_PRIMITIVE==1 && PRIMITIVE_LEVEL !=INTERNAL } -of_object [get_pins -filter {DIRECTION==IN} -of_objects [get_nets -hierarchical -filter {PARENT=="left_filter_lpf500/mul_coefs"}]]]
resize_pblock [get_pblocks {CLKAG_left_filter_lpf500/mul_coefs}] -add {CLOCKREGION_X1Y2:CLOCKREGION_X1Y2}
#endgroup

# Clock net "datapath/firstLab/video_inst/mmcm_adv_inst_display_clocks/inst/clk_out2" driven by instance "datapath/firstLab/video_inst/mmcm_adv_inst_display_clocks/inst/clkout2_buf" located at site "BUFGCTRL_X0Y0"
#startgroup
create_pblock {CLKAG_datapath/firstLab/video_inst/mmcm_adv_inst_display_clocks/inst/clk_out2}
add_cells_to_pblock [get_pblocks  {CLKAG_datapath/firstLab/video_inst/mmcm_adv_inst_display_clocks/inst/clk_out2}] [get_cells -filter { PRIMITIVE_GROUP != I/O && IS_PRIMITIVE==1 && PRIMITIVE_LEVEL !=INTERNAL } -of_object [get_pins -filter {DIRECTION==IN} -of_objects [get_nets -hierarchical -filter {PARENT=="datapath/firstLab/video_inst/mmcm_adv_inst_display_clocks/inst/clk_out2"}]]]
resize_pblock [get_pblocks {CLKAG_datapath/firstLab/video_inst/mmcm_adv_inst_display_clocks/inst/clk_out2}] -add {CLOCKREGION_X1Y2:CLOCKREGION_X1Y2}
#endgroup

# Clock net "datapath/firstLab/video_inst/mmcm_adv_inst_display_clocks/inst/clk_out1" driven by instance "datapath/firstLab/video_inst/mmcm_adv_inst_display_clocks/inst/clkout1_buf" located at site "BUFGCTRL_X0Y7"
#startgroup
create_pblock {CLKAG_datapath/firstLab/video_inst/mmcm_adv_inst_display_clocks/inst/clk_out1}
add_cells_to_pblock [get_pblocks  {CLKAG_datapath/firstLab/video_inst/mmcm_adv_inst_display_clocks/inst/clk_out1}] [get_cells -filter { PRIMITIVE_GROUP != I/O && IS_PRIMITIVE==1 && PRIMITIVE_LEVEL !=INTERNAL } -of_object [get_pins -filter {DIRECTION==IN} -of_objects [get_nets -hierarchical -filter {PARENT=="datapath/firstLab/video_inst/mmcm_adv_inst_display_clocks/inst/clk_out1"}]]]
resize_pblock [get_pblocks {CLKAG_datapath/firstLab/video_inst/mmcm_adv_inst_display_clocks/inst/clk_out1}] -add {CLOCKREGION_X1Y2:CLOCKREGION_X1Y2}
#endgroup

# Clock net "datapath/audioWrapper/audiocodec_master_clock/inst/clk_out2" driven by instance "datapath/audioWrapper/audiocodec_master_clock/inst/clkout2_buf" located at site "BUFGCTRL_X0Y4"
#startgroup
create_pblock {CLKAG_datapath/audioWrapper/audiocodec_master_clock/inst/clk_out2}
add_cells_to_pblock [get_pblocks  {CLKAG_datapath/audioWrapper/audiocodec_master_clock/inst/clk_out2}] [get_cells -filter { PRIMITIVE_GROUP != I/O && IS_PRIMITIVE==1 && PRIMITIVE_LEVEL !=INTERNAL } -of_object [get_pins -filter {DIRECTION==IN} -of_objects [get_nets -hierarchical -filter {PARENT=="datapath/audioWrapper/audiocodec_master_clock/inst/clk_out2"}]]]
resize_pblock [get_pblocks {CLKAG_datapath/audioWrapper/audiocodec_master_clock/inst/clk_out2}] -add {CLOCKREGION_X1Y2:CLOCKREGION_X1Y2}
#endgroup

# Clock net "clk_IBUF_BUFG" driven by instance "clk_IBUF_BUFG_inst" located at site "BUFGCTRL_X0Y2"
#startgroup
create_pblock {CLKAG_clk_IBUF_BUFG}
add_cells_to_pblock [get_pblocks  {CLKAG_clk_IBUF_BUFG}] [get_cells -filter { PRIMITIVE_GROUP != I/O && IS_PRIMITIVE==1 && PRIMITIVE_LEVEL !=INTERNAL && NAME!=datapath/firstLab/video_inst/mmcm_adv_inst_display_clocks/inst/mmcm_adv_inst && NAME!=datapath/audioWrapper/audiocodec_master_clock/inst/mmcm_adv_inst} -of_object [get_pins -filter {DIRECTION==IN} -of_objects [get_nets -hierarchical -filter {PARENT=="clk_IBUF_BUFG"}]]]
resize_pblock [get_pblocks {CLKAG_clk_IBUF_BUFG}] -add {CLOCKREGION_X1Y2:CLOCKREGION_X1Y2}
#endgroup
