Copyright 1986-2017 Xilinx, Inc. All Rights Reserved.
------------------------------------------------------------------------------------
| Tool Version : Vivado v.2017.3 (win64) Build 2018833 Wed Oct  4 19:58:22 MDT 2017
| Date         : Mon Mar 19 11:27:08 2018
| Host         : c19mademore running 64-bit Service Pack 1  (build 7601)
| Command      : report_control_sets -file design_1_wrapper_control_sets_placed.rpt
| Design       : design_1_wrapper
| Device       : xc7a200t
------------------------------------------------------------------------------------

Control Set Information

Table of Contents
-----------------
1. Summary
2. Flip-Flop Distribution

1. Summary
----------

+-------------------------------+-------+
|             Status            | Count |
+-------------------------------+-------+
| Number of unique control sets |   637 |
+-------------------------------+-------+


2. Flip-Flop Distribution
-------------------------

+--------------+-----------------------+------------------------+-----------------+--------------+
| Clock Enable | Synchronous Set/Reset | Asynchronous Set/Reset | Total Registers | Total Slices |
+--------------+-----------------------+------------------------+-----------------+--------------+
| No           | No                    | No                     |            3026 |          955 |
| No           | No                    | Yes                    |              78 |           27 |
| No           | Yes                   | No                     |            1860 |          832 |
| Yes          | No                    | No                     |            3221 |         1023 |
| Yes          | No                    | Yes                    |              15 |            9 |
| Yes          | Yes                   | No                     |            3765 |         1292 |
+--------------+-----------------------+------------------------+-----------------+--------------+


